INFO: 2019-01-27 12:03:12,798: perform_upgrade() 'Last run version was 0.7.1 or earlier, current version is 0.7.1'
INFO: 2019-01-27 12:03:13,224: process_command() 'Received command: []'
INFO: 2019-01-27 12:03:13,230: load_banned() 'Missing or invalid banned URLs list, no URLs will be banned'
INFO: 2019-01-27 12:03:13,266: load() 'Jumble loading'
INFO: 2019-01-27 12:03:13,267: _walk_modules() 'Jumble loading module in __init__ from /usr/share/variety/plugins/__init__.py'
INFO: 2019-01-27 12:03:13,268: _walk_modules() 'Jumble loading module in LocalFilesSource from /usr/share/variety/plugins/quotes/LocalFilesSource.py'
INFO: 2019-01-27 12:03:13,271: load() 'Jumble found plugin class: <class 'LocalFilesSource.LocalFilesSource'>: {'name': 'Local text files', 'description': 'Displays quotes, defined in local text files.\nPut your own txt files in: ~/.config/variety/pluginconfig/quotes/.\nThe file format is:\n\nquote -- author\n.\nsecond quote -- another author\n.\netc...\n\nExample: http://rvelthuis.de/zips/quotes.txt', 'author': 'Peter Levi', 'version': '0.1'}'
INFO: 2019-01-27 12:03:13,271: _walk_modules() 'Jumble loading module in __init__ from /usr/share/variety/plugins/quotes/__init__.py'
INFO: 2019-01-27 12:03:13,272: _walk_modules() 'Jumble loading module in GoodreadsSource from /usr/share/variety/plugins/quotes/GoodreadsSource.py'
INFO: 2019-01-27 12:03:13,284: load() 'Jumble found plugin class: <class 'GoodreadsSource.GoodreadsSource'>: {'name': 'Goodreads', 'description': 'Fetches quotes from Goodreads.com', 'author': 'Peter Levi', 'version': '0.1'}'
INFO: 2019-01-27 12:03:13,285: _walk_modules() 'Jumble loading module in QuotationsPageSource from /usr/share/variety/plugins/quotes/QuotationsPageSource.py'
INFO: 2019-01-27 12:03:13,287: load() 'Jumble found plugin class: <class 'QuotationsPageSource.QuotationsPageSource'>: {'name': 'TheQuotationsPage.com', 'description': 'Fetches quotes from TheQuotationsPage.com', 'author': 'Peter Levi', 'version': '0.1'}'
INFO: 2019-01-27 12:03:13,287: _walk_modules() 'Jumble loading module in QuotesDaddySource from /usr/share/variety/plugins/quotes/QuotesDaddySource.py'
INFO: 2019-01-27 12:03:13,289: load() 'Jumble found plugin class: <class 'QuotesDaddySource.QuotesDaddySource'>: {'name': 'QuotesDaddy', 'description': "Fetches quotes from QuotesDaddy's daily quotes RSS feed.\nDoes not support searching by tags or authors.", 'author': 'Peter Levi', 'version': '0.1'}'
INFO: 2019-01-27 12:03:13,294: reload_config() 'Creating new downloader for type 6, location Random wallpapers from Desktoppr.co'
INFO: 2019-01-27 12:03:13,295: log_options() 'Loaded options:'
INFO: 2019-01-27 12:03:13,295: log_options() 'change_enabled = True'
INFO: 2019-01-27 12:03:13,295: log_options() 'change_interval = 1800'
INFO: 2019-01-27 12:03:13,296: log_options() 'change_on_start = False'
INFO: 2019-01-27 12:03:13,296: log_options() 'clipboard_enabled = False'
INFO: 2019-01-27 12:03:13,296: log_options() 'clipboard_hosts = ['wallhaven.cc', 'wallpapers.net', 'flickr.com', 'imgur.com', 'deviantart.com', 'interfacelift.com', 'vladstudio.com', 'imageshack.us', 'deviantart.net', 'imageshack.com']'
INFO: 2019-01-27 12:03:13,296: log_options() 'clipboard_use_whitelist = True'
INFO: 2019-01-27 12:03:13,296: log_options() 'clock_date_font = Ubuntu Condensed, 30'
INFO: 2019-01-27 12:03:13,296: log_options() 'clock_enabled = False'
INFO: 2019-01-27 12:03:13,296: log_options() 'clock_filter = -density 100 -font `fc-match -f '%{file[0]}' '%CLOCK_FONT_NAME'` -pointsize %CLOCK_FONT_SIZE -gravity SouthEast -fill '#00000044' -annotate 0x0+[%HOFFSET+58]+[%VOFFSET+108] '%H:%M' -fill white -annotate 0x0+[%HOFFSET+60]+[%VOFFSET+110] '%H:%M' -font `fc-match -f '%{file[0]}' '%DATE_FONT_NAME'` -pointsize %DATE_FONT_SIZE -fill '#00000044' -annotate 0x0+[%HOFFSET+58]+[%VOFFSET+58] '%A, %B %d' -fill white -annotate 0x0+[%HOFFSET+60]+[%VOFFSET+60] '%A, %B %d''
INFO: 2019-01-27 12:03:13,296: log_options() 'clock_font = Ubuntu Condensed, 70'
INFO: 2019-01-27 12:03:13,296: log_options() 'configfile = /home/kwang/.config/variety/variety.conf'
INFO: 2019-01-27 12:03:13,296: log_options() 'copyto_enabled = False'
INFO: 2019-01-27 12:03:13,297: log_options() 'copyto_folder = Default'
INFO: 2019-01-27 12:03:13,297: log_options() 'desired_color = [160, 160, 160]'
INFO: 2019-01-27 12:03:13,297: log_options() 'desired_color_enabled = False'
INFO: 2019-01-27 12:03:13,297: log_options() 'download_enabled = True'
INFO: 2019-01-27 12:03:13,297: log_options() 'download_folder = /home/kwang/.config/variety/Downloaded'
INFO: 2019-01-27 12:03:13,297: log_options() 'download_interval = 60'
INFO: 2019-01-27 12:03:13,297: log_options() 'favorites_folder = /home/kwang/.config/variety/Favorites'
INFO: 2019-01-27 12:03:13,297: log_options() 'favorites_operations = [['Downloaded', 'Copy'], ['Fetched', 'Move'], ['Others', 'Copy']]'
INFO: 2019-01-27 12:03:13,297: log_options() 'fetched_folder = /home/kwang/.config/variety/Fetched'
INFO: 2019-01-27 12:03:13,297: log_options() 'filters = [[False, 'Keep original', ''], [False, 'Grayscale', '-type Grayscale'], [False, 'Heavy blur', '-blur 120x40'], [False, 'Soft blur', '-blur 20x7'], [False, 'Oil painting', '-paint 8'], [False, 'Pencil sketch', '-colorspace gray \\( +clone -tile ~/.config/variety/pencil_tile.png -draw "color 0,0 reset" +clone +swap -compose color_dodge -composite \\) -fx \'u*.2+v*.8\''], [False, 'Pointilism', '-spread 10 -noise 3'], [False, 'Pixellate', '-scale 3% -scale 3333%']]'
INFO: 2019-01-27 12:03:13,297: log_options() 'icon = Light'
INFO: 2019-01-27 12:03:13,297: log_options() 'lightness_enabled = False'
INFO: 2019-01-27 12:03:13,298: log_options() 'lightness_mode = 0'
INFO: 2019-01-27 12:03:13,298: log_options() 'min_rating = 4'
INFO: 2019-01-27 12:03:13,298: log_options() 'min_rating_enabled = False'
INFO: 2019-01-27 12:03:13,298: log_options() 'min_size = 80'
INFO: 2019-01-27 12:03:13,298: log_options() 'min_size_enabled = True'
INFO: 2019-01-27 12:03:13,298: log_options() 'quota_enabled = True'
INFO: 2019-01-27 12:03:13,298: log_options() 'quota_size = 500'
INFO: 2019-01-27 12:03:13,298: log_options() 'quotes_authors = '
INFO: 2019-01-27 12:03:13,298: log_options() 'quotes_bg_color = [80, 80, 80]'
INFO: 2019-01-27 12:03:13,298: log_options() 'quotes_bg_opacity = 55'
INFO: 2019-01-27 12:03:13,298: log_options() 'quotes_change_enabled = False'
INFO: 2019-01-27 12:03:13,299: log_options() 'quotes_change_interval = 300'
INFO: 2019-01-27 12:03:13,299: log_options() 'quotes_disabled_sources = ['QuotesDaddy']'
INFO: 2019-01-27 12:03:13,299: log_options() 'quotes_enabled = False'
INFO: 2019-01-27 12:03:13,299: log_options() 'quotes_favorites_file = /home/kwang/.config/variety/favorite_quotes.txt'
INFO: 2019-01-27 12:03:13,299: log_options() 'quotes_font = Bitstream Charter 30'
INFO: 2019-01-27 12:03:13,302: log_options() 'quotes_hpos = 100'
INFO: 2019-01-27 12:03:13,302: log_options() 'quotes_tags = '
INFO: 2019-01-27 12:03:13,303: log_options() 'quotes_text_color = [255, 255, 255]'
INFO: 2019-01-27 12:03:13,303: log_options() 'quotes_text_shadow = False'
INFO: 2019-01-27 12:03:13,303: log_options() 'quotes_vpos = 40'
INFO: 2019-01-27 12:03:13,303: log_options() 'quotes_width = 70'
INFO: 2019-01-27 12:03:13,303: log_options() 'safe_mode = False'
INFO: 2019-01-27 12:03:13,303: log_options() 'slideshow_custom_enabled = False'
INFO: 2019-01-27 12:03:13,303: log_options() 'slideshow_custom_folder = /home/kwang/Pictures'
INFO: 2019-01-27 12:03:13,303: log_options() 'slideshow_downloads_enabled = False'
INFO: 2019-01-27 12:03:13,303: log_options() 'slideshow_fade = 0.4'
INFO: 2019-01-27 12:03:13,305: log_options() 'slideshow_favorites_enabled = True'
INFO: 2019-01-27 12:03:13,305: log_options() 'slideshow_mode = Fullscreen'
INFO: 2019-01-27 12:03:13,305: log_options() 'slideshow_monitor = All'
INFO: 2019-01-27 12:03:13,305: log_options() 'slideshow_pan = 0.05'
INFO: 2019-01-27 12:03:13,305: log_options() 'slideshow_seconds = 6.0'
INFO: 2019-01-27 12:03:13,305: log_options() 'slideshow_sort_order = Random'
INFO: 2019-01-27 12:03:13,305: log_options() 'slideshow_sources_enabled = True'
INFO: 2019-01-27 12:03:13,305: log_options() 'slideshow_zoom = 0.2'
INFO: 2019-01-27 12:03:13,305: log_options() 'smart_enabled = False'
INFO: 2019-01-27 12:03:13,305: log_options() 'smart_notice_shown = True'
INFO: 2019-01-27 12:03:13,306: log_options() 'smart_register_shown = False'
INFO: 2019-01-27 12:03:13,306: log_options() 'sources = [[True, 3, 'The Favorites folder'], [False, 4, 'The Fetched folder'], [True, 2, '/usr/share/backgrounds'], [True, 6, 'Random wallpapers from Desktoppr.co'], [False, 15, 'Bing Photo of the Day'], [False, 16, 'High-resolution photos from Unsplash.com'], [False, 8, "NASA's Astronomy Picture of the Day"], [False, 11, 'World Sunlight Map - live wallpaper from Die.net'], [False, 7, 'user:www.flickr.com/photos/peter-levi/;user_id:93647178@N00;']]'
INFO: 2019-01-27 12:03:13,306: log_options() 'stats_enabled = True'
INFO: 2019-01-27 12:03:13,306: log_options() 'stats_notice_shown = True'
INFO: 2019-01-27 12:03:13,306: log_options() 'sync_enabled = True'
INFO: 2019-01-27 12:03:13,306: log_options() 'use_landscape_enabled = True'
INFO: 2019-01-27 12:03:13,306: reload_config() 'No need to clear prepared queue'
INFO: 2019-01-27 12:03:13,309: load_last_change_time() 'Change interval < 6 hours, ignore persisted last_change_time, wait initially the whole interval: 1800'
INFO: 2019-01-27 12:03:13,309: update_indicator() 'Setting file info to: /usr/share/backgrounds/arcolinux/criptica-diethyl-metal-3840x2160.jpg'
INFO: 2019-01-27 12:03:13,313: regular_change_thread() 'regular_change thread running'
INFO: 2019-01-27 12:03:13,313: prepare_thread() 'Prepare thread running'
INFO: 2019-01-27 12:03:13,315: prepare_thread() 'Prepared buffer contains 0 images'
INFO: 2019-01-27 12:03:13,315: prepare_thread() 'Preparing some images'
INFO: 2019-01-27 12:03:13,330: update_indicator_icon() 'Creating indicator'
INFO: 2019-01-27 12:03:13,376: prepare_thread() 'After search prepared buffer contains 21 images'
WARNING: 2019-01-27 12:03:13,382: create_menu() 'Variety Slideshow is not installed. This is an optional extension adding pan-and-zoom slideshows to Variety: see https://github.com/peterlevi/variety-slideshow for details'
INFO: 2019-01-27 12:03:13,385: create_indicator() 'indicator backend: fallback tray'
INFO: 2019-01-27 12:03:13,421: do_set_wp() 'Calling do_set_wp with /usr/share/backgrounds/arcolinux/criptica-diethyl-metal-3840x2160.jpg, time: 1548619393.4211385'
INFO: 2019-01-27 12:03:13,517: update_indicator() 'Setting file info to: /usr/share/backgrounds/arcolinux/criptica-diethyl-metal-3840x2160.jpg'
INFO: 2019-01-27 12:03:13,724: set_from_theme_icon() 'Showing status icon variety-indicator from GTK theme'
INFO: 2019-01-27 12:03:13,732: update_indicator() 'Setting file info to: /usr/share/backgrounds/arcolinux/criptica-diethyl-metal-3840x2160.jpg'
INFO: 2019-01-27 12:03:15,960: reload() 'Reloading preferences dialog'
INFO: 2019-01-27 12:03:33,343: server_options_thread() 'Fetching server options from http://tiny.cc/variety-options-063'
INFO: 2019-01-27 12:03:34,152: server_options_thread() 'Fetched server options: {'flickr': {'min_fill_queue_interval': 1200, 'min_download_interval': 1200}, 'wallbase': {'min_fill_queue_interval': 1800, 'min_download_interval': 1800}, 'wallhaven': {'min_fill_queue_interval': 1800, 'min_download_interval': 1800}, 'wallpapers.net': {'min_fill_queue_interval': 600, 'min_download_interval': 0}, 'unsplash': {'min_fill_queue_interval': 20000000000, 'min_download_interval': 20000000000}, 'unsplash_v2': {'min_fill_queue_interval': 1800, 'min_download_interval': 600}, 'status_message': {'0.0.1': '', '*': ''}}'
INFO: 2019-01-27 12:04:13,320: purge_downloaded() 'Refreshed download folder size: 0 mb'
INFO: 2019-01-27 12:04:13,326: download_one() 'Downloading a random image from desktoppr.co'
INFO: 2019-01-27 12:04:13,775: save_locally() 'Origin URL: https://www.desktoppr.co/wallpapers/168144'
INFO: 2019-01-27 12:04:13,776: save_locally() 'Image URL: http://a.desktopprassets.com/wallpapers/f9e6fb552d82672c05b30e85a3c98e4ce0b6f5b9/394.jpg'
INFO: 2019-01-27 12:04:13,776: save_locally() 'Local name: /home/kwang/.config/variety/Downloaded/Desktoppr/394.jpg'
INFO: 2019-01-27 12:04:14,975: save_locally() 'Download complete'
INFO: 2019-01-27 12:04:14,975: update_indicator() 'Setting file info to: /usr/share/backgrounds/arcolinux/criptica-diethyl-metal-3840x2160.jpg'
INFO: 2019-01-27 12:04:14,980: download_one_from() 'Adding downloaded file /home/kwang/.config/variety/Downloaded/Desktoppr/394.jpg to prepared_from_downloads queue'
INFO: 2019-01-27 12:05:13,320: download_one() 'Downloading a random image from desktoppr.co'
INFO: 2019-01-27 12:05:13,983: save_locally() 'Origin URL: https://www.desktoppr.co/wallpapers/203826'
INFO: 2019-01-27 12:05:13,983: save_locally() 'Image URL: http://a.desktopprassets.com/wallpapers/38c0621a9f7da53cd75b31011f8ff42f44eb5d0f/9166.jpg'
INFO: 2019-01-27 12:05:13,984: save_locally() 'Local name: /home/kwang/.config/variety/Downloaded/Desktoppr/9166.jpg'
INFO: 2019-01-27 12:05:20,862: save_locally() 'Download complete'
INFO: 2019-01-27 12:05:20,862: update_indicator() 'Setting file info to: /usr/share/backgrounds/arcolinux/criptica-diethyl-metal-3840x2160.jpg'
INFO: 2019-01-27 12:05:20,867: download_one_from() 'Adding downloaded file /home/kwang/.config/variety/Downloaded/Desktoppr/9166.jpg to prepared_from_downloads queue'
INFO: 2019-01-27 12:06:13,321: download_one() 'Downloading a random image from desktoppr.co'
INFO: 2019-01-27 12:06:14,105: save_locally() 'Origin URL: https://www.desktoppr.co/wallpapers/460893'
INFO: 2019-01-27 12:06:14,106: save_locally() 'Image URL: http://a.desktopprassets.com/wallpapers/8c5ece40b5b4d1aa0eca5352cbe4640d95b2fb44/057_-_dlg2nil.jpg'
INFO: 2019-01-27 12:06:14,106: save_locally() 'Local name: /home/kwang/.config/variety/Downloaded/Desktoppr/057_-_dlg2nil.jpg'
INFO: 2019-01-27 12:06:14,976: save_locally() 'Download complete'
INFO: 2019-01-27 12:06:14,977: update_indicator() 'Setting file info to: /usr/share/backgrounds/arcolinux/criptica-diethyl-metal-3840x2160.jpg'
INFO: 2019-01-27 12:06:14,981: download_one_from() 'Adding downloaded file /home/kwang/.config/variety/Downloaded/Desktoppr/057_-_dlg2nil.jpg to prepared_from_downloads queue'
INFO: 2019-01-27 12:07:13,322: purge_downloaded() 'Refreshed download folder size: 8 mb'
INFO: 2019-01-27 12:07:13,323: download_one() 'Downloading a random image from desktoppr.co'
INFO: 2019-01-27 12:07:14,069: save_locally() 'Origin URL: https://www.desktoppr.co/wallpapers/872663'
INFO: 2019-01-27 12:07:14,069: save_locally() 'Image URL: http://a.desktopprassets.com/wallpapers/50cec63221dceb166c97911905097771735f3d92/________11180.jpg'
INFO: 2019-01-27 12:07:14,069: save_locally() 'Local name: /home/kwang/.config/variety/Downloaded/Desktoppr/________11180.jpg'
INFO: 2019-01-27 12:07:15,483: save_locally() 'Download complete'
INFO: 2019-01-27 12:07:15,484: update_indicator() 'Setting file info to: /usr/share/backgrounds/arcolinux/criptica-diethyl-metal-3840x2160.jpg'
INFO: 2019-01-27 12:07:15,488: download_one_from() 'Adding downloaded file /home/kwang/.config/variety/Downloaded/Desktoppr/________11180.jpg to prepared_from_downloads queue'
INFO: 2019-01-27 12:08:13,321: download_one() 'Downloading a random image from desktoppr.co'
INFO: 2019-01-27 12:08:14,335: save_locally() 'Origin URL: https://www.desktoppr.co/wallpapers/218517'
INFO: 2019-01-27 12:08:14,335: save_locally() 'Image URL: http://a.desktopprassets.com/wallpapers/4c9a59f90e6cb19dfb84cd9808278d23001f3859/coasto_2.jpg'
INFO: 2019-01-27 12:08:14,336: save_locally() 'Local name: /home/kwang/.config/variety/Downloaded/Desktoppr/coasto_2.jpg'
INFO: 2019-01-27 12:08:16,911: save_locally() 'Download complete'
INFO: 2019-01-27 12:08:16,911: update_indicator() 'Setting file info to: /usr/share/backgrounds/arcolinux/criptica-diethyl-metal-3840x2160.jpg'
INFO: 2019-01-27 12:08:16,916: download_one_from() 'Adding downloaded file /home/kwang/.config/variety/Downloaded/Desktoppr/coasto_2.jpg to prepared_from_downloads queue'
